<?xml version="1.0" encoding="UTF-8"?>
<!-- Generated by org.testng.reporters.JUnitXMLReporter -->
<testsuite hostname="DESKTOP-N9QFJ52" ignored="0" name="Test" tests="2" failures="1" timestamp="30 Apr 2022 11:05:23 GMT" time="74.399" errors="0">
  <testcase name="runScenario" time="35.258" classname="io.cucumber.testng.AbstractTestNGCucumberTests">
    <failure type="java.lang.AssertionError" message="expected [My Store1] but found [My Store]">
      <![CDATA[java.lang.AssertionError: expected [My Store1] but found [My Store]
at commonMethods.SpecificToSelenium.windowTitle(SpecificToSelenium.java:10)
at stepDefinations.Page1.user_is_on_page(Page1.java:12)
at âœ½.user is on "My Store1" page(file:///E:/workspace/pdfReportsProject/src/test/resources/features/page1/feature1.feature:4)
... Removed 6 stack frames]]>
    </failure>
  </testcase> <!-- runScenario -->
  <testcase name="runScenario" time="24.842" classname="io.cucumber.testng.AbstractTestNGCucumberTests"/>
</testsuite> <!-- Test -->
